<?xml version="1.0" encoding="UTF-8"?>
<!-- Generated by org.testng.reporters.JUnitReportReporter -->
<testsuite hostname="Princys-MacBook-Pro.local" failures="0" tests="1" name="Tests.GoogleSearchResultsTest" time="2.138" errors="0" timestamp="2023-05-25T12:17:13 IST" skipped="0">
  <testcase classname="Tests.GoogleSearchResultsTest" name="findResults" time="2.138"/>
  <system-out/>
</testsuite> <!-- Tests.GoogleSearchResultsTest -->
